<?xml version="1.0" encoding="UTF-8"?>
<!-- Generated by org.testng.reporters.JUnitReportReporter -->
<testsuite hostname="WINDOWS-3LICR63" failures="0" tests="1" name="testngpkg.Fileuploadpgm1" time="5.251" errors="0" timestamp="2024-02-23T09:54:23 IST" skipped="0">
  <testcase classname="testngpkg.Fileuploadpgm1" name="fileuploadmethd" time="5.251"/>
  <system-out/>
</testsuite> <!-- testngpkg.Fileuploadpgm1 -->
