<?xml version="1.0" encoding="UTF-8"?>
<!-- Generated by org.testng.reporters.JUnitReportReporter -->
<testsuite hostname="WINDOWS-3LICR63" failures="0" tests="2" name="testngpkg.Testngdemo" time="0.012" errors="0" timestamp="2024-02-20T22:09:23 IST" skipped="0">
  <testcase classname="testngpkg.Testngdemo" name="test3" time="0.009"/>
  <system-out/>
  <testcase classname="testngpkg.Testngdemo" name="test1" time="0.003"/>
  <system-out/>
</testsuite> <!-- testngpkg.Testngdemo -->
