<?xml version="1.0" encoding="UTF-8"?>
<!-- Generated by org.testng.reporters.JUnitReportReporter -->
<testsuite hostname="WINDOWS-3LICR63" failures="0" tests="1" name="Testpackage.Fbclicktest" time="4.669" errors="0" timestamp="2024-03-06T10:38:02 IST" skipped="0">
  <testcase classname="Testpackage.Fbclicktest" name="clicktest" time="4.669"/>
  <system-out/>
</testsuite> <!-- Testpackage.Fbclicktest -->
