<?xml version="1.0" encoding="UTF-8"?>
<!-- Generated by org.testng.reporters.JUnitReportReporter -->
<testsuite hostname="WINDOWS-3LICR63" failures="0" tests="1" name="testngpkg.Copypaste" time="0.473" errors="0" timestamp="2024-02-21T09:55:32 IST" skipped="0">
  <testcase classname="testngpkg.Copypaste" name="copypastemethd" time="0.473"/>
  <system-out/>
</testsuite> <!-- testngpkg.Copypaste -->
