<?xml version="1.0" encoding="UTF-8"?>
<!-- Generated by org.testng.reporters.JUnitReportReporter -->
<testsuite hostname="WINDOWS-3LICR63" failures="0" tests="1" name="testngpkg.Ebayscroll" time="7.221" errors="0" timestamp="2024-02-28T10:44:21 IST" skipped="0">
  <testcase classname="testngpkg.Ebayscroll" name="scroll" time="7.221"/>
  <system-out/>
</testsuite> <!-- testngpkg.Ebayscroll -->
