<?xml version="1.0" encoding="UTF-8"?>
<!-- Generated by org.testng.reporters.JUnitReportReporter -->
<testsuite hostname="WINDOWS-3LICR63" failures="0" tests="1" name="testngpkg.Rightdoubleclick" time="0.628" errors="0" timestamp="2024-02-22T10:08:52 IST" skipped="0">
  <testcase classname="testngpkg.Rightdoubleclick" name="Rightdoubleclickmthd" time="0.628"/>
  <system-out/>
</testsuite> <!-- testngpkg.Rightdoubleclick -->
