<?xml version="1.0" encoding="UTF-8"?>
<!-- Generated by org.testng.reporters.JUnitReportReporter -->
<testsuite hostname="WINDOWS-3LICR63" failures="0" tests="1" name="testngpkg.AutomationExercise" time="2.493" errors="0" timestamp="2024-02-26T11:06:10 IST" skipped="0">
  <testcase classname="testngpkg.AutomationExercise" name="geturl" time="2.493"/>
  <system-out/>
</testsuite> <!-- testngpkg.AutomationExercise -->
