<?xml version="1.0" encoding="UTF-8"?>
<!-- Generated by org.testng.reporters.JUnitReportReporter -->
<testsuite hostname="WINDOWS-3LICR63" failures="0" tests="1" name="Testpackage.fblogintest" time="5.205" errors="0" timestamp="2024-03-06T10:11:15 IST" skipped="0">
  <testcase classname="Testpackage.fblogintest" name="testlogin" time="5.205"/>
  <system-out/>
</testsuite> <!-- Testpackage.fblogintest -->
