<?xml version="1.0" encoding="UTF-8"?>
<!-- Generated by org.testng.reporters.JUnitReportReporter -->
<testsuite hostname="WINDOWS-3LICR63" failures="0" tests="1" name="testngpkg.Automation" time="4.704" errors="0" timestamp="2024-02-29T10:17:56 IST" skipped="0">
  <testcase classname="testngpkg.Automation" name="geturl" time="4.704"/>
  <system-out/>
</testsuite> <!-- testngpkg.Automation -->
