<?xml version="1.0" encoding="UTF-8"?>
<!-- Generated by org.testng.reporters.JUnitReportReporter -->
<testsuite hostname="WINDOWS-3LICR63" failures="0" tests="1" name="testngpkg.Windowhandler" time="1.499" errors="0" timestamp="2024-02-27T09:49:20 IST" skipped="0">
  <testcase classname="testngpkg.Windowhandler" name="test" time="1.499"/>
  <system-out/>
</testsuite> <!-- testngpkg.Windowhandler -->
