<?xml version="1.0" encoding="UTF-8"?>
<!-- Generated by org.testng.reporters.JUnitReportReporter -->
<testsuite hostname="WINDOWS-3LICR63" failures="0" tests="1" name="testngpkg.Draganddrop" time="1.195" errors="0" timestamp="2024-02-21T10:56:09 IST" skipped="0">
  <testcase classname="testngpkg.Draganddrop" name="dragdropmthd" time="1.195"/>
  <system-out/>
</testsuite> <!-- testngpkg.Draganddrop -->
